0 info it worked if it ends with ok
1 verbose cli [ 'node', '/usr/local/bin/npm', 'publish' ]
2 info using npm@1.4.9
3 info using node@v0.10.28
4 verbose publish [ '.' ]
5 verbose cache add [ '.', null ]
6 verbose cache add name=undefined spec="." args=[".",null]
7 verbose parsed url { protocol: null,
7 verbose parsed url   slashes: null,
7 verbose parsed url   auth: null,
7 verbose parsed url   host: null,
7 verbose parsed url   port: null,
7 verbose parsed url   hostname: null,
7 verbose parsed url   hash: null,
7 verbose parsed url   search: null,
7 verbose parsed url   query: null,
7 verbose parsed url   pathname: '.',
7 verbose parsed url   path: '.',
7 verbose parsed url   href: '.' }
8 silly lockFile 3a52ce78- .
9 verbose lock . /Users/lkbgift/.npm/3a52ce78-.lock
10 verbose tar pack [ '/var/folders/tj/kw_j4ymd40n_yyg9bzp9kn7w0000gn/T/npm-58855-oTNFJKuG/1416978476672-0.9085657282266766/tmp.tgz',
10 verbose tar pack   '.' ]
11 verbose tarball /var/folders/tj/kw_j4ymd40n_yyg9bzp9kn7w0000gn/T/npm-58855-oTNFJKuG/1416978476672-0.9085657282266766/tmp.tgz
12 verbose folder .
13 info prepublish cardify.js@0.0.1
14 silly lockFile 1f1177db-tar tar://.
15 verbose lock tar://. /Users/lkbgift/.npm/1f1177db-tar.lock
16 silly lockFile 0322c08d-76672-0-9085657282266766-tmp-tgz tar:///var/folders/tj/kw_j4ymd40n_yyg9bzp9kn7w0000gn/T/npm-58855-oTNFJKuG/1416978476672-0.9085657282266766/tmp.tgz
17 verbose lock tar:///var/folders/tj/kw_j4ymd40n_yyg9bzp9kn7w0000gn/T/npm-58855-oTNFJKuG/1416978476672-0.9085657282266766/tmp.tgz /Users/lkbgift/.npm/0322c08d-76672-0-9085657282266766-tmp-tgz.lock
18 silly lockFile 1f1177db-tar tar://.
19 silly lockFile 1f1177db-tar tar://.
20 silly lockFile 0322c08d-76672-0-9085657282266766-tmp-tgz tar:///var/folders/tj/kw_j4ymd40n_yyg9bzp9kn7w0000gn/T/npm-58855-oTNFJKuG/1416978476672-0.9085657282266766/tmp.tgz
21 silly lockFile 0322c08d-76672-0-9085657282266766-tmp-tgz tar:///var/folders/tj/kw_j4ymd40n_yyg9bzp9kn7w0000gn/T/npm-58855-oTNFJKuG/1416978476672-0.9085657282266766/tmp.tgz
22 verbose tar unpack /var/folders/tj/kw_j4ymd40n_yyg9bzp9kn7w0000gn/T/npm-58855-oTNFJKuG/1416978476672-0.9085657282266766/tmp.tgz
23 silly lockFile c6f468ad-ift-npm-cardify-js-0-0-1-package tar:///Users/lkbgift/.npm/cardify.js/0.0.1/package
24 verbose lock tar:///Users/lkbgift/.npm/cardify.js/0.0.1/package /Users/lkbgift/.npm/c6f468ad-ift-npm-cardify-js-0-0-1-package.lock
25 silly lockFile 0322c08d-76672-0-9085657282266766-tmp-tgz tar:///var/folders/tj/kw_j4ymd40n_yyg9bzp9kn7w0000gn/T/npm-58855-oTNFJKuG/1416978476672-0.9085657282266766/tmp.tgz
26 verbose lock tar:///var/folders/tj/kw_j4ymd40n_yyg9bzp9kn7w0000gn/T/npm-58855-oTNFJKuG/1416978476672-0.9085657282266766/tmp.tgz /Users/lkbgift/.npm/0322c08d-76672-0-9085657282266766-tmp-tgz.lock
27 silly gunzTarPerm modes [ '755', '644' ]
28 silly gunzTarPerm extractEntry package.json
29 silly gunzTarPerm extractEntry README.md
30 silly gunzTarPerm extractEntry index.js
31 silly lockFile c6f468ad-ift-npm-cardify-js-0-0-1-package tar:///Users/lkbgift/.npm/cardify.js/0.0.1/package
32 silly lockFile c6f468ad-ift-npm-cardify-js-0-0-1-package tar:///Users/lkbgift/.npm/cardify.js/0.0.1/package
33 silly lockFile 0322c08d-76672-0-9085657282266766-tmp-tgz tar:///var/folders/tj/kw_j4ymd40n_yyg9bzp9kn7w0000gn/T/npm-58855-oTNFJKuG/1416978476672-0.9085657282266766/tmp.tgz
34 silly lockFile 0322c08d-76672-0-9085657282266766-tmp-tgz tar:///var/folders/tj/kw_j4ymd40n_yyg9bzp9kn7w0000gn/T/npm-58855-oTNFJKuG/1416978476672-0.9085657282266766/tmp.tgz
35 silly lockFile 3a52ce78- .
36 silly lockFile 3a52ce78- .
37 silly publish { name: 'cardify.js',
37 silly publish   version: '0.0.1',
37 silly publish   description: 'A JavaScript library for parsing scrollable content into card format.',
37 silly publish   main: 'index.js',
37 silly publish   scripts: { test: 'echo "Error: no test specified" && exit 1' },
37 silly publish   repository:
37 silly publish    { type: 'git',
37 silly publish      url: 'git://github.com/rememberlenny/cardify.git' },
37 silly publish   keywords: [ 'card', 'content', 'scroll', 'swipe', 'mobile' ],
37 silly publish   author: { name: 'Leonard K. Bogdonoff' },
37 silly publish   license: 'ISC',
37 silly publish   bugs: { url: 'https://github.com/rememberlenny/cardify/issues' },
37 silly publish   homepage: 'https://github.com/rememberlenny/cardify',
37 silly publish   readme: '# Cardify - content to card javascript library\n\nA JavaScript library for parsing scrollable content into card format.\n\n## Get Started\n\n',
37 silly publish   readmeFilename: 'README.md',
37 silly publish   _id: 'cardify.js@0.0.1',
37 silly publish   _shasum: '7b997648d7da3dad42ef39ce1ca025a27ad07093',
37 silly publish   _from: '.' }
38 verbose url raw cardify.js
39 verbose url resolving [ 'https://registry.npmjs.org/', './cardify.js' ]
40 verbose url resolved https://registry.npmjs.org/cardify.js
41 info trying registry request attempt 1 at 00:07:56
42 http PUT https://registry.npmjs.org/cardify.js
43 http 403 https://registry.npmjs.org/cardify.js
44 verbose headers { date: 'Wed, 26 Nov 2014 05:04:54 GMT',
44 verbose headers   server: 'CouchDB/1.5.0 (Erlang OTP/R16B03)',
44 verbose headers   'content-type': 'application/json',
44 verbose headers   'cache-control': 'max-age=60',
44 verbose headers   'content-length': '2337',
44 verbose headers   'accept-ranges': 'bytes',
44 verbose headers   via: '1.1 varnish',
44 verbose headers   'x-served-by': 'cache-lax1425-LAX',
44 verbose headers   'x-cache': 'MISS',
44 verbose headers   'x-cache-hits': '0',
44 verbose headers   'x-timer': 'S1416978294.689750,VS0,VE153',
44 verbose headers   'keep-alive': 'timeout=10, max=50',
44 verbose headers   connection: 'Keep-Alive' }
45 error publish Failed PUT 403
46 error Error: forbidden cannot modify pre-existing version: 0.0.1
46 error old={"name":"cardify.js","version":"0.0.1","description":"A JavaScript library for parsing scrollable content into card format.","main":"index.js","scripts":{"test":"echo \"Error: no test specified\" && exit 1"},"repository":{"type":"git","url":"git://github.com/rememberlenny/cardify.git"},"keywords":["card","content","scroll","swipe","mobile"],"author":{"name":"Leonard K. Bogdonoff"},"license":"ISC","bugs":{"url":"https://github.com/rememberlenny/cardify/issues"},"homepage":"https://github.com/rememberlenny/cardify","_id":"cardify.js@0.0.1","_shasum":"0da363655cf0f014db7c59db6881662075f64317","_from":".","_npmVersion":"1.4.9","_npmUser":{"name":"rememberlenny","email":"lenny@atriangle.com"},"maintainers":[{"name":"rememberlenny","email":"lenny@atriangle.com"}],"dist":{"shasum":"0da363655cf0f014db7c59db6881662075f64317","tarball":"http://registry.npmjs.org/cardify.js/-/cardify.js-0.0.1.tgz"}}
46 error new={"name":"cardify.js","version":"0.0.1","description":"A JavaScript library for parsing scrollable content into card format.","main":"index.js","scripts":{"test":"echo \"Error: no test specified\" && exit 1"},"repository":{"type":"git","url":"git://github.com/rememberlenny/cardify.git"},"keywords":["card","content","scroll","swipe","mobile"],"author":{"name":"Leonard K. Bogdonoff"},"license":"ISC","bugs":{"url":"https://github.com/rememberlenny/cardify/issues"},"homepage":"https://github.com/rememberlenny/cardify","readme":"# Cardify - content to card javascript library\u000a\u000aA JavaScript library for parsing scrollable content into card format.\u000a\u000a## Get Started\u000a\u000a","readmeFilename":"README.md","_id":"cardify.js@0.0.1","_shasum":"7b997648d7da3dad42ef39ce1ca025a27ad07093","_from":".","_npmVersion":"1.4.9","_npmUser":{"name":"rememberlenny","email":"lenny@atriangle.com"},"maintainers":[{"name":"rememberlenny","email":"lenny@atriangle.com"}],"dist":{"shasum":"7b997648d7da3dad42ef39ce1ca025a27ad07093","tarball":"http://registry.npmjs.org/cardify.js/-/cardify.js-0.0.1.tgz"}}: cardify.js
46 error     at RegClient.<anonymous> (/usr/local/lib/node_modules/npm/node_modules/npm-registry-client/lib/request.js:273:14)
46 error     at Request._callback (/usr/local/lib/node_modules/npm/node_modules/npm-registry-client/lib/request.js:211:65)
46 error     at Request.self.callback (/usr/local/lib/node_modules/npm/node_modules/request/request.js:123:22)
46 error     at Request.EventEmitter.emit (events.js:98:17)
46 error     at Request.<anonymous> (/usr/local/lib/node_modules/npm/node_modules/request/request.js:893:14)
46 error     at Request.EventEmitter.emit (events.js:117:20)
46 error     at IncomingMessage.<anonymous> (/usr/local/lib/node_modules/npm/node_modules/request/request.js:844:12)
46 error     at IncomingMessage.EventEmitter.emit (events.js:117:20)
46 error     at _stream_readable.js:919:16
46 error     at process._tickCallback (node.js:419:13)
47 error If you need help, you may report this *entire* log,
47 error including the npm and node versions, at:
47 error     <http://github.com/npm/npm/issues>
48 error System Darwin 14.0.0
49 error command "node" "/usr/local/bin/npm" "publish"
50 error cwd /Users/lkbgift/Spaceship/javascript/cardify.js
51 error node -v v0.10.28
52 error npm -v 1.4.9
53 verbose exit [ 1, true ]
